<?xml version="1.0" encoding="UTF-8"?>
<coverage generated="1549058336403" clover="3.2.0">
  <project timestamp="1549058336403" name="All files">
    <metrics statements="113" coveredstatements="80" conditionals="28" coveredconditionals="18" methods="50" coveredmethods="33" elements="191" coveredelements="131" complexity="0" loc="113" ncloc="113" packages="6" files="15" classes="15"/>
    <package name="Flashcards">
      <metrics statements="4" coveredstatements="4" conditionals="0" coveredconditionals="0" methods="0" coveredmethods="0"/>
      <file name="setup.jest.js" path="/Users/camila.cns/Workspace/courses/react-developer/react-native/Flashcards/setup.jest.js">
        <metrics statements="4" coveredstatements="4" conditionals="0" coveredconditionals="0" methods="0" coveredmethods="0"/>
        <line num="5" count="8" type="stmt"/>
        <line num="7" count="8" type="stmt"/>
        <line num="8" count="8" type="stmt"/>
        <line num="9" count="8" type="stmt"/>
      </file>
    </package>
    <package name="Flashcards.__helpers__">
      <metrics statements="6" coveredstatements="6" conditionals="0" coveredconditionals="0" methods="4" coveredmethods="4"/>
      <file name="MockAsyncStorage.js" path="/Users/camila.cns/Workspace/courses/react-developer/react-native/Flashcards/__helpers__/MockAsyncStorage.js">
        <metrics statements="4" coveredstatements="4" conditionals="0" coveredconditionals="0" methods="4" coveredmethods="4"/>
        <line num="6" count="5" type="stmt"/>
        <line num="7" count="5" type="stmt"/>
        <line num="13" count="4" type="stmt"/>
        <line num="14" count="4" type="stmt"/>
      </file>
      <file name="card.js" path="/Users/camila.cns/Workspace/courses/react-developer/react-native/Flashcards/__helpers__/card.js">
        <metrics statements="1" coveredstatements="1" conditionals="0" coveredconditionals="0" methods="0" coveredmethods="0"/>
        <line num="1" count="5" type="stmt"/>
      </file>
      <file name="entries.js" path="/Users/camila.cns/Workspace/courses/react-developer/react-native/Flashcards/__helpers__/entries.js">
        <metrics statements="1" coveredstatements="1" conditionals="0" coveredconditionals="0" methods="0" coveredmethods="0"/>
        <line num="1" count="3" type="stmt"/>
      </file>
    </package>
    <package name="Flashcards.actions">
      <metrics statements="16" coveredstatements="13" conditionals="0" coveredconditionals="0" methods="13" coveredmethods="10"/>
      <file name="index.js" path="/Users/camila.cns/Workspace/courses/react-developer/react-native/Flashcards/actions/index.js">
        <metrics statements="16" coveredstatements="13" conditionals="0" coveredconditionals="0" methods="13" coveredmethods="10"/>
        <line num="3" count="1" type="stmt"/>
        <line num="4" count="1" type="stmt"/>
        <line num="5" count="1" type="stmt"/>
        <line num="8" count="2" type="stmt"/>
        <line num="15" count="2" type="stmt"/>
        <line num="22" count="2" type="stmt"/>
        <line num="30" count="1" type="stmt"/>
        <line num="33" count="1" type="stmt"/>
        <line num="35" count="1" type="stmt"/>
        <line num="36" count="0" type="stmt"/>
        <line num="41" count="1" type="stmt"/>
        <line num="44" count="1" type="stmt"/>
        <line num="46" count="0" type="stmt"/>
        <line num="51" count="1" type="stmt"/>
        <line num="54" count="1" type="stmt"/>
        <line num="56" count="0" type="stmt"/>
      </file>
    </package>
    <package name="Flashcards.components">
      <metrics statements="26" coveredstatements="26" conditionals="9" coveredconditionals="7" methods="8" coveredmethods="8"/>
      <file name="Answer.js" path="/Users/camila.cns/Workspace/courses/react-developer/react-native/Flashcards/components/Answer.js">
        <metrics statements="4" coveredstatements="4" conditionals="0" coveredconditionals="0" methods="1" coveredmethods="1"/>
        <line num="7" count="2" type="stmt"/>
        <line num="8" count="5" type="stmt"/>
        <line num="29" count="2" type="stmt"/>
        <line num="38" count="2" type="stmt"/>
      </file>
      <file name="AppStatusBar.js" path="/Users/camila.cns/Workspace/courses/react-developer/react-native/Flashcards/components/AppStatusBar.js">
        <metrics statements="3" coveredstatements="3" conditionals="0" coveredconditionals="0" methods="1" coveredmethods="1"/>
        <line num="6" count="1" type="stmt"/>
        <line num="7" count="3" type="stmt"/>
        <line num="14" count="1" type="stmt"/>
      </file>
      <file name="AppTextInput.js" path="/Users/camila.cns/Workspace/courses/react-developer/react-native/Flashcards/components/AppTextInput.js">
        <metrics statements="10" coveredstatements="10" conditionals="9" coveredconditionals="7" methods="3" coveredmethods="3"/>
        <line num="23" count="2" type="stmt"/>
        <line num="24" count="2" type="stmt"/>
        <line num="26" count="2" type="cond" truecount="2" falsecount="0"/>
        <line num="27" count="1" type="stmt"/>
        <line num="34" count="1" type="stmt"/>
        <line num="39" count="9" type="stmt"/>
        <line num="40" count="9" type="stmt"/>
        <line num="41" count="9" type="stmt"/>
        <line num="43" count="9" type="stmt"/>
        <line num="62" count="1" type="stmt"/>
      </file>
      <file name="Question.js" path="/Users/camila.cns/Workspace/courses/react-developer/react-native/Flashcards/components/Question.js">
        <metrics statements="4" coveredstatements="4" conditionals="0" coveredconditionals="0" methods="1" coveredmethods="1"/>
        <line num="6" count="2" type="stmt"/>
        <line num="7" count="6" type="stmt"/>
        <line num="20" count="2" type="stmt"/>
        <line num="28" count="2" type="stmt"/>
      </file>
      <file name="QuizScores.js" path="/Users/camila.cns/Workspace/courses/react-developer/react-native/Flashcards/components/QuizScores.js">
        <metrics statements="5" coveredstatements="5" conditionals="0" coveredconditionals="0" methods="2" coveredmethods="2"/>
        <line num="14" count="6" type="stmt"/>
        <line num="19" count="6" type="stmt"/>
        <line num="20" count="6" type="stmt"/>
        <line num="22" count="6" type="stmt"/>
        <line num="40" count="2" type="stmt"/>
      </file>
    </package>
    <package name="Flashcards.containers">
      <metrics statements="25" coveredstatements="10" conditionals="8" coveredconditionals="4" methods="10" coveredmethods="2"/>
      <file name="Quiz.js" path="/Users/camila.cns/Workspace/courses/react-developer/react-native/Flashcards/containers/Quiz.js">
        <metrics statements="25" coveredstatements="10" conditionals="8" coveredconditionals="4" methods="10" coveredmethods="2"/>
        <line num="14" count="0" type="stmt"/>
        <line num="31" count="0" type="stmt"/>
        <line num="32" count="0" type="stmt"/>
        <line num="34" count="0" type="stmt"/>
        <line num="40" count="0" type="cond" truecount="0" falsecount="2"/>
        <line num="41" count="0" type="stmt"/>
        <line num="43" count="0" type="stmt"/>
        <line num="48" count="0" type="stmt"/>
        <line num="50" count="0" type="stmt"/>
        <line num="55" count="0" type="stmt"/>
        <line num="59" count="0" type="stmt"/>
        <line num="61" count="0" type="stmt"/>
        <line num="68" count="4" type="stmt"/>
        <line num="69" count="4" type="stmt"/>
        <line num="70" count="4" type="stmt"/>
        <line num="74" count="4" type="stmt"/>
        <line num="75" count="4" type="stmt"/>
        <line num="77" count="4" type="cond" truecount="1" falsecount="1"/>
        <line num="78" count="0" type="stmt"/>
        <line num="85" count="4" type="stmt"/>
        <line num="87" count="4" type="stmt"/>
        <line num="108" count="1" type="stmt"/>
        <line num="109" count="0" type="stmt"/>
        <line num="111" count="0" type="stmt"/>
        <line num="120" count="1" type="stmt"/>
      </file>
    </package>
    <package name="Flashcards.utils">
      <metrics statements="36" coveredstatements="21" conditionals="11" coveredconditionals="7" methods="15" coveredmethods="9"/>
      <file name="api.js" path="/Users/camila.cns/Workspace/courses/react-developer/react-native/Flashcards/utils/api.js">
        <metrics statements="9" coveredstatements="9" conditionals="1" coveredconditionals="1" methods="7" coveredmethods="7"/>
        <line num="2" count="2" type="stmt"/>
        <line num="8" count="2" type="stmt"/>
        <line num="12" count="2" type="stmt"/>
        <line num="16" count="2" type="stmt"/>
        <line num="18" count="1" type="stmt"/>
        <line num="19" count="1" type="stmt"/>
        <line num="24" count="2" type="stmt"/>
        <line num="33" count="2" type="stmt"/>
        <line num="35" count="1" type="stmt"/>
      </file>
      <file name="colors.js" path="/Users/camila.cns/Workspace/courses/react-developer/react-native/Flashcards/utils/colors.js">
        <metrics statements="8" coveredstatements="8" conditionals="0" coveredconditionals="0" methods="0" coveredmethods="0"/>
        <line num="2" count="6" type="stmt"/>
        <line num="3" count="6" type="stmt"/>
        <line num="4" count="6" type="stmt"/>
        <line num="5" count="6" type="stmt"/>
        <line num="6" count="6" type="stmt"/>
        <line num="7" count="6" type="stmt"/>
        <line num="8" count="6" type="stmt"/>
        <line num="9" count="6" type="stmt"/>
      </file>
      <file name="helpers.js" path="/Users/camila.cns/Workspace/courses/react-developer/react-native/Flashcards/utils/helpers.js">
        <metrics statements="15" coveredstatements="2" conditionals="4" coveredconditionals="0" methods="5" coveredmethods="1"/>
        <line num="6" count="2" type="stmt"/>
        <line num="9" count="6" type="stmt"/>
        <line num="14" count="0" type="stmt"/>
        <line num="30" count="0" type="stmt"/>
        <line num="34" count="0" type="cond" truecount="0" falsecount="2"/>
        <line num="35" count="0" type="stmt"/>
        <line num="38" count="0" type="stmt"/>
        <line num="40" count="0" type="cond" truecount="0" falsecount="2"/>
        <line num="41" count="0" type="stmt"/>
        <line num="43" count="0" type="stmt"/>
        <line num="44" count="0" type="stmt"/>
        <line num="45" count="0" type="stmt"/>
        <line num="46" count="0" type="stmt"/>
        <line num="48" count="0" type="stmt"/>
        <line num="56" count="0" type="stmt"/>
      </file>
      <file name="validation.js" path="/Users/camila.cns/Workspace/courses/react-developer/react-native/Flashcards/utils/validation.js">
        <metrics statements="4" coveredstatements="2" conditionals="6" coveredconditionals="6" methods="3" coveredmethods="1"/>
        <line num="2" count="2" type="stmt"/>
        <line num="8" count="2" type="stmt"/>
        <line num="12" count="0" type="stmt"/>
        <line num="13" count="0" type="stmt"/>
      </file>
    </package>
  </project>
</coverage>
