{"/Users/camila.cns/Workspace/courses/react-developer/react-native/Flashcards/setup.jest.js": {"path":"/Users/camila.cns/Workspace/courses/react-developer/react-native/Flashcards/setup.jest.js","statementMap":{"0":{"start":{"line":5,"column":0},"end":{"line":5,"column":38}},"1":{"start":{"line":7,"column":0},"end":{"line":7,"column":25}},"2":{"start":{"line":8,"column":0},"end":{"line":8,"column":23}},"3":{"start":{"line":9,"column":0},"end":{"line":9,"column":21}}},"fnMap":{},"branchMap":{},"s":{"0":8,"1":8,"2":8,"3":8},"f":{},"b":{},"_coverageSchema":"43e27e138ebf9cfc5966b082cf9a028302ed4184","hash":"5d684981aae227a4883caa39b752b83684af23b7"}
,"/Users/camila.cns/Workspace/courses/react-developer/react-native/Flashcards/__helpers__/MockAsyncStorage.js": {"path":"/Users/camila.cns/Workspace/courses/react-developer/react-native/Flashcards/__helpers__/MockAsyncStorage.js","statementMap":{"0":{"start":{"line":6,"column":6},"end":{"line":8,"column":8}},"1":{"start":{"line":7,"column":7},"end":{"line":7,"column":39}},"2":{"start":{"line":13,"column":6},"end":{"line":15,"column":8}},"3":{"start":{"line":14,"column":8},"end":{"line":14,"column":40}}},"fnMap":{"0":{"name":"(anonymous_0)","decl":{"start":{"line":5,"column":4},"end":{"line":5,"column":5}},"loc":{"start":{"line":6,"column":6},"end":{"line":8,"column":8}},"line":6},"1":{"name":"(anonymous_1)","decl":{"start":{"line":6,"column":18},"end":{"line":6,"column":19}},"loc":{"start":{"line":6,"column":39},"end":{"line":8,"column":7}},"line":6},"2":{"name":"(anonymous_2)","decl":{"start":{"line":12,"column":4},"end":{"line":12,"column":5}},"loc":{"start":{"line":13,"column":6},"end":{"line":15,"column":8}},"line":13},"3":{"name":"(anonymous_3)","decl":{"start":{"line":13,"column":18},"end":{"line":13,"column":19}},"loc":{"start":{"line":13,"column":39},"end":{"line":15,"column":7}},"line":13}},"branchMap":{},"s":{"0":5,"1":5,"2":4,"3":4},"f":{"0":5,"1":5,"2":4,"3":4},"b":{},"_coverageSchema":"43e27e138ebf9cfc5966b082cf9a028302ed4184","hash":"87e8fcf9684b4378d856b6109c16072f4b73c02f"}
,"/Users/camila.cns/Workspace/courses/react-developer/react-native/Flashcards/__helpers__/card.js": {"path":"/Users/camila.cns/Workspace/courses/react-developer/react-native/Flashcards/__helpers__/card.js","statementMap":{"0":{"start":{"line":1,"column":13},"end":{"line":4,"column":1}}},"fnMap":{},"branchMap":{},"s":{"0":5},"f":{},"b":{},"_coverageSchema":"43e27e138ebf9cfc5966b082cf9a028302ed4184","hash":"f86cde7126a066eacf540e61507c06dec0c3d270"}
,"/Users/camila.cns/Workspace/courses/react-developer/react-native/Flashcards/__helpers__/entries.js": {"path":"/Users/camila.cns/Workspace/courses/react-developer/react-native/Flashcards/__helpers__/entries.js","statementMap":{"0":{"start":{"line":1,"column":16},"end":{"line":24,"column":1}}},"fnMap":{},"branchMap":{},"s":{"0":3},"f":{},"b":{},"_coverageSchema":"43e27e138ebf9cfc5966b082cf9a028302ed4184","hash":"8014c3aad0b10d388c30d0dd354e0e887d8207b1"}
,"/Users/camila.cns/Workspace/courses/react-developer/react-native/Flashcards/actions/index.js": {"path":"/Users/camila.cns/Workspace/courses/react-developer/react-native/Flashcards/actions/index.js","statementMap":{"0":{"start":{"line":3,"column":31},"end":{"line":3,"column":48}},"1":{"start":{"line":4,"column":25},"end":{"line":4,"column":36}},"2":{"start":{"line":5,"column":24},"end":{"line":5,"column":34}},"3":{"start":{"line":8,"column":1},"end":{"line":11,"column":2}},"4":{"start":{"line":15,"column":1},"end":{"line":18,"column":2}},"5":{"start":{"line":22,"column":1},"end":{"line":26,"column":2}},"6":{"start":{"line":30,"column":1},"end":{"line":37,"column":2}},"7":{"start":{"line":33,"column":2},"end":{"line":36,"column":40}},"8":{"start":{"line":35,"column":19},"end":{"line":35,"column":61}},"9":{"start":{"line":36,"column":21},"end":{"line":36,"column":39}},"10":{"start":{"line":41,"column":1},"end":{"line":47,"column":2}},"11":{"start":{"line":44,"column":2},"end":{"line":46,"column":40}},"12":{"start":{"line":46,"column":21},"end":{"line":46,"column":39}},"13":{"start":{"line":51,"column":1},"end":{"line":57,"column":2}},"14":{"start":{"line":54,"column":2},"end":{"line":56,"column":40}},"15":{"start":{"line":56,"column":21},"end":{"line":56,"column":39}}},"fnMap":{"0":{"name":"receiveEntries","decl":{"start":{"line":7,"column":16},"end":{"line":7,"column":30}},"loc":{"start":{"line":7,"column":41},"end":{"line":12,"column":1}},"line":7},"1":{"name":"addEntry","decl":{"start":{"line":14,"column":16},"end":{"line":14,"column":24}},"loc":{"start":{"line":14,"column":33},"end":{"line":19,"column":1}},"line":14},"2":{"name":"addCard","decl":{"start":{"line":21,"column":16},"end":{"line":21,"column":23}},"loc":{"start":{"line":21,"column":40},"end":{"line":27,"column":1}},"line":21},"3":{"name":"handleReceiveEntries","decl":{"start":{"line":29,"column":16},"end":{"line":29,"column":36}},"loc":{"start":{"line":29,"column":40},"end":{"line":38,"column":1}},"line":29},"4":{"name":"(anonymous_4)","decl":{"start":{"line":30,"column":8},"end":{"line":30,"column":9}},"loc":{"start":{"line":30,"column":22},"end":{"line":37,"column":2}},"line":30},"5":{"name":"(anonymous_5)","decl":{"start":{"line":35,"column":9},"end":{"line":35,"column":10}},"loc":{"start":{"line":35,"column":19},"end":{"line":35,"column":61}},"line":35},"6":{"name":"(anonymous_6)","decl":{"start":{"line":36,"column":10},"end":{"line":36,"column":11}},"loc":{"start":{"line":36,"column":21},"end":{"line":36,"column":39}},"line":36},"7":{"name":"handleAddEntry","decl":{"start":{"line":40,"column":16},"end":{"line":40,"column":30}},"loc":{"start":{"line":40,"column":39},"end":{"line":48,"column":1}},"line":40},"8":{"name":"(anonymous_8)","decl":{"start":{"line":41,"column":8},"end":{"line":41,"column":9}},"loc":{"start":{"line":41,"column":22},"end":{"line":47,"column":2}},"line":41},"9":{"name":"(anonymous_9)","decl":{"start":{"line":46,"column":10},"end":{"line":46,"column":11}},"loc":{"start":{"line":46,"column":21},"end":{"line":46,"column":39}},"line":46},"10":{"name":"handleAddCard","decl":{"start":{"line":50,"column":16},"end":{"line":50,"column":29}},"loc":{"start":{"line":50,"column":46},"end":{"line":58,"column":1}},"line":50},"11":{"name":"(anonymous_11)","decl":{"start":{"line":51,"column":8},"end":{"line":51,"column":9}},"loc":{"start":{"line":51,"column":22},"end":{"line":57,"column":2}},"line":51},"12":{"name":"(anonymous_12)","decl":{"start":{"line":56,"column":10},"end":{"line":56,"column":11}},"loc":{"start":{"line":56,"column":21},"end":{"line":56,"column":39}},"line":56}},"branchMap":{},"s":{"0":1,"1":1,"2":1,"3":2,"4":2,"5":2,"6":1,"7":1,"8":1,"9":0,"10":1,"11":1,"12":0,"13":1,"14":1,"15":0},"f":{"0":2,"1":2,"2":2,"3":1,"4":1,"5":1,"6":0,"7":1,"8":1,"9":0,"10":1,"11":1,"12":0},"b":{},"_coverageSchema":"43e27e138ebf9cfc5966b082cf9a028302ed4184","hash":"6b8a917336d3d38f9c9389bb0d0837442022ec4c"}
,"/Users/camila.cns/Workspace/courses/react-developer/react-native/Flashcards/components/Answer.js": {"path":"/Users/camila.cns/Workspace/courses/react-developer/react-native/Flashcards/components/Answer.js","statementMap":{"0":{"start":{"line":7,"column":15},"end":{"line":27,"column":1}},"1":{"start":{"line":8,"column":1},"end":{"line":26,"column":2}},"2":{"start":{"line":29,"column":0},"end":{"line":33,"column":1}},"3":{"start":{"line":38,"column":22},"end":{"line":76,"column":2}}},"fnMap":{"0":{"name":"(anonymous_0)","decl":{"start":{"line":7,"column":15},"end":{"line":7,"column":16}},"loc":{"start":{"line":7,"column":56},"end":{"line":27,"column":1}},"line":7}},"branchMap":{},"s":{"0":2,"1":5,"2":2,"3":2},"f":{"0":5},"b":{},"_coverageSchema":"43e27e138ebf9cfc5966b082cf9a028302ed4184","hash":"ff62c89b23b2fe4bebac34a0444ef725c327abf1"}
,"/Users/camila.cns/Workspace/courses/react-developer/react-native/Flashcards/components/AppStatusBar.js": {"path":"/Users/camila.cns/Workspace/courses/react-developer/react-native/Flashcards/components/AppStatusBar.js","statementMap":{"0":{"start":{"line":6,"column":21},"end":{"line":12,"column":1}},"1":{"start":{"line":7,"column":1},"end":{"line":11,"column":2}},"2":{"start":{"line":14,"column":0},"end":{"line":16,"column":1}}},"fnMap":{"0":{"name":"(anonymous_0)","decl":{"start":{"line":6,"column":21},"end":{"line":6,"column":22}},"loc":{"start":{"line":6,"column":56},"end":{"line":12,"column":1}},"line":6}},"branchMap":{},"s":{"0":1,"1":3,"2":1},"f":{"0":3},"b":{},"_coverageSchema":"43e27e138ebf9cfc5966b082cf9a028302ed4184","hash":"634b400d8aef75d884e6a6409293e38ba8ec4330"}
,"/Users/camila.cns/Workspace/courses/react-developer/react-native/Flashcards/components/AppTextInput.js": {"path":"/Users/camila.cns/Workspace/courses/react-developer/react-native/Flashcards/components/AppTextInput.js","statementMap":{"0":{"start":{"line":23,"column":42},"end":{"line":23,"column":52}},"1":{"start":{"line":24,"column":16},"end":{"line":24,"column":44}},"2":{"start":{"line":26,"column":2},"end":{"line":35,"column":3}},"3":{"start":{"line":27,"column":3},"end":{"line":32,"column":6}},"4":{"start":{"line":27,"column":29},"end":{"line":32,"column":4}},"5":{"start":{"line":34,"column":3},"end":{"line":34,"column":36}},"6":{"start":{"line":39,"column":35},"end":{"line":39,"column":45}},"7":{"start":{"line":40,"column":34},"end":{"line":40,"column":44}},"8":{"start":{"line":41,"column":19},"end":{"line":41,"column":39}},"9":{"start":{"line":43,"column":2},"end":{"line":55,"column":3}},"10":{"start":{"line":62,"column":15},"end":{"line":82,"column":2}}},"fnMap":{"0":{"name":"(anonymous_0)","decl":{"start":{"line":22,"column":20},"end":{"line":22,"column":21}},"loc":{"start":{"line":22,"column":31},"end":{"line":36,"column":2}},"line":22},"1":{"name":"(anonymous_1)","decl":{"start":{"line":27,"column":17},"end":{"line":27,"column":18}},"loc":{"start":{"line":27,"column":29},"end":{"line":32,"column":4}},"line":27},"2":{"name":"(anonymous_2)","decl":{"start":{"line":38,"column":1},"end":{"line":38,"column":2}},"loc":{"start":{"line":38,"column":10},"end":{"line":56,"column":2}},"line":38}},"branchMap":{"0":{"loc":{"start":{"line":26,"column":2},"end":{"line":35,"column":3}},"type":"if","locations":[{"start":{"line":26,"column":2},"end":{"line":35,"column":3}},{"start":{"line":26,"column":2},"end":{"line":35,"column":3}}],"line":26},"1":{"loc":{"start":{"line":52,"column":9},"end":{"line":52,"column":123}},"type":"binary-expr","locations":[{"start":{"line":52,"column":10},"end":{"line":52,"column":24}},{"start":{"line":52,"column":28},"end":{"line":52,"column":45}},{"start":{"line":52,"column":49},"end":{"line":52,"column":56}},{"start":{"line":52,"column":61},"end":{"line":52,"column":123}}],"line":52},"2":{"loc":{"start":{"line":53,"column":9},"end":{"line":53,"column":96}},"type":"binary-expr","locations":[{"start":{"line":53,"column":10},"end":{"line":53,"column":24}},{"start":{"line":53,"column":28},"end":{"line":53,"column":35}},{"start":{"line":53,"column":40},"end":{"line":53,"column":96}}],"line":53}},"s":{"0":2,"1":2,"2":2,"3":1,"4":1,"5":1,"6":9,"7":9,"8":9,"9":9,"10":1},"f":{"0":2,"1":1,"2":9},"b":{"0":[1,1],"1":[9,8,0,0],"2":[9,1,1]},"_coverageSchema":"43e27e138ebf9cfc5966b082cf9a028302ed4184","hash":"8805cdf0104ec0a35c5eb36ee1477958e5982e4f"}
,"/Users/camila.cns/Workspace/courses/react-developer/react-native/Flashcards/components/Question.js": {"path":"/Users/camila.cns/Workspace/courses/react-developer/react-native/Flashcards/components/Question.js","statementMap":{"0":{"start":{"line":6,"column":17},"end":{"line":18,"column":1}},"1":{"start":{"line":7,"column":1},"end":{"line":17,"column":2}},"2":{"start":{"line":20,"column":0},"end":{"line":23,"column":1}},"3":{"start":{"line":28,"column":22},"end":{"line":60,"column":2}}},"fnMap":{"0":{"name":"(anonymous_0)","decl":{"start":{"line":6,"column":17},"end":{"line":6,"column":18}},"loc":{"start":{"line":6,"column":47},"end":{"line":18,"column":1}},"line":6}},"branchMap":{},"s":{"0":2,"1":6,"2":2,"3":2},"f":{"0":6},"b":{},"_coverageSchema":"43e27e138ebf9cfc5966b082cf9a028302ed4184","hash":"663b9fdd28ebb168dfa0a5d38c33045a8f95a564"}
,"/Users/camila.cns/Workspace/courses/react-developer/react-native/Flashcards/components/QuizScores.js": {"path":"/Users/camila.cns/Workspace/courses/react-developer/react-native/Flashcards/components/QuizScores.js","statementMap":{"0":{"start":{"line":14,"column":2},"end":{"line":15,"column":30}},"1":{"start":{"line":19,"column":26},"end":{"line":19,"column":36}},"2":{"start":{"line":20,"column":27},"end":{"line":20,"column":57}},"3":{"start":{"line":22,"column":2},"end":{"line":35,"column":3}},"4":{"start":{"line":40,"column":22},"end":{"line":60,"column":2}}},"fnMap":{"0":{"name":"(anonymous_0)","decl":{"start":{"line":13,"column":1},"end":{"line":13,"column":2}},"loc":{"start":{"line":13,"column":21},"end":{"line":16,"column":2}},"line":13},"1":{"name":"(anonymous_1)","decl":{"start":{"line":18,"column":1},"end":{"line":18,"column":2}},"loc":{"start":{"line":18,"column":9},"end":{"line":36,"column":2}},"line":18}},"branchMap":{},"s":{"0":6,"1":6,"2":6,"3":6,"4":2},"f":{"0":6,"1":6},"b":{},"_coverageSchema":"43e27e138ebf9cfc5966b082cf9a028302ed4184","hash":"718267b74b2375e5c1b76698c0d93989e393f7af"}
,"/Users/camila.cns/Workspace/courses/react-developer/react-native/Flashcards/containers/Quiz.js": {"path":"/Users/camila.cns/Workspace/courses/react-developer/react-native/Flashcards/containers/Quiz.js","statementMap":{"0":{"start":{"line":14,"column":2},"end":{"line":16,"column":3}},"1":{"start":{"line":31,"column":45},"end":{"line":31,"column":55}},"2":{"start":{"line":32,"column":22},"end":{"line":32,"column":32}},"3":{"start":{"line":34,"column":2},"end":{"line":38,"column":5}},"4":{"start":{"line":34,"column":28},"end":{"line":38,"column":3}},"5":{"start":{"line":40,"column":2},"end":{"line":44,"column":3}},"6":{"start":{"line":41,"column":3},"end":{"line":41,"column":48}},"7":{"start":{"line":43,"column":3},"end":{"line":43,"column":83}},"8":{"start":{"line":48,"column":21},"end":{"line":48,"column":31}},"9":{"start":{"line":50,"column":2},"end":{"line":53,"column":5}},"10":{"start":{"line":50,"column":28},"end":{"line":53,"column":3}},"11":{"start":{"line":55,"column":2},"end":{"line":55,"column":19}},"12":{"start":{"line":59,"column":25},"end":{"line":59,"column":35}},"13":{"start":{"line":61,"column":2},"end":{"line":64,"column":5}},"14":{"start":{"line":61,"column":28},"end":{"line":64,"column":3}},"15":{"start":{"line":68,"column":30},"end":{"line":68,"column":40}},"16":{"start":{"line":69,"column":45},"end":{"line":69,"column":55}},"17":{"start":{"line":70,"column":2},"end":{"line":70,"column":82}},"18":{"start":{"line":74,"column":24},"end":{"line":74,"column":34}},"19":{"start":{"line":75,"column":42},"end":{"line":75,"column":52}},"20":{"start":{"line":77,"column":2},"end":{"line":83,"column":3}},"21":{"start":{"line":78,"column":3},"end":{"line":82,"column":4}},"22":{"start":{"line":85,"column":31},"end":{"line":85,"column":49}},"23":{"start":{"line":87,"column":2},"end":{"line":104,"column":3}},"24":{"start":{"line":108,"column":31},"end":{"line":115,"column":1}},"25":{"start":{"line":109,"column":21},"end":{"line":109,"column":44}},"26":{"start":{"line":111,"column":1},"end":{"line":114,"column":2}},"27":{"start":{"line":120,"column":22},"end":{"line":140,"column":2}}},"fnMap":{"0":{"name":"(anonymous_0)","decl":{"start":{"line":13,"column":28},"end":{"line":13,"column":29}},"loc":{"start":{"line":13,"column":48},"end":{"line":17,"column":2}},"line":13},"1":{"name":"(anonymous_1)","decl":{"start":{"line":30,"column":14},"end":{"line":30,"column":15}},"loc":{"start":{"line":30,"column":20},"end":{"line":45,"column":2}},"line":30},"2":{"name":"(anonymous_2)","decl":{"start":{"line":34,"column":16},"end":{"line":34,"column":17}},"loc":{"start":{"line":34,"column":28},"end":{"line":38,"column":3}},"line":34},"3":{"name":"(anonymous_3)","decl":{"start":{"line":47,"column":15},"end":{"line":47,"column":16}},"loc":{"start":{"line":47,"column":21},"end":{"line":56,"column":2}},"line":47},"4":{"name":"(anonymous_4)","decl":{"start":{"line":50,"column":16},"end":{"line":50,"column":17}},"loc":{"start":{"line":50,"column":28},"end":{"line":53,"column":3}},"line":50},"5":{"name":"(anonymous_5)","decl":{"start":{"line":58,"column":14},"end":{"line":58,"column":15}},"loc":{"start":{"line":58,"column":20},"end":{"line":65,"column":2}},"line":58},"6":{"name":"(anonymous_6)","decl":{"start":{"line":61,"column":16},"end":{"line":61,"column":17}},"loc":{"start":{"line":61,"column":28},"end":{"line":64,"column":3}},"line":61},"7":{"name":"(anonymous_7)","decl":{"start":{"line":67,"column":1},"end":{"line":67,"column":2}},"loc":{"start":{"line":67,"column":21},"end":{"line":71,"column":2}},"line":67},"8":{"name":"(anonymous_8)","decl":{"start":{"line":73,"column":1},"end":{"line":73,"column":2}},"loc":{"start":{"line":73,"column":10},"end":{"line":105,"column":2}},"line":73},"9":{"name":"(anonymous_9)","decl":{"start":{"line":108,"column":31},"end":{"line":108,"column":32}},"loc":{"start":{"line":108,"column":64},"end":{"line":115,"column":1}},"line":108}},"branchMap":{"0":{"loc":{"start":{"line":40,"column":2},"end":{"line":44,"column":3}},"type":"if","locations":[{"start":{"line":40,"column":2},"end":{"line":44,"column":3}},{"start":{"line":40,"column":2},"end":{"line":44,"column":3}}],"line":40},"1":{"loc":{"start":{"line":77,"column":2},"end":{"line":83,"column":3}},"type":"if","locations":[{"start":{"line":77,"column":2},"end":{"line":83,"column":3}},{"start":{"line":77,"column":2},"end":{"line":83,"column":3}}],"line":77},"2":{"loc":{"start":{"line":90,"column":7},"end":{"line":93,"column":38}},"type":"binary-expr","locations":[{"start":{"line":90,"column":8},"end":{"line":90,"column":19}},{"start":{"line":91,"column":6},"end":{"line":93,"column":38}}],"line":90},"3":{"loc":{"start":{"line":96,"column":7},"end":{"line":100,"column":38}},"type":"binary-expr","locations":[{"start":{"line":96,"column":8},"end":{"line":96,"column":18}},{"start":{"line":97,"column":6},"end":{"line":100,"column":38}}],"line":96}},"s":{"0":0,"1":0,"2":0,"3":0,"4":0,"5":0,"6":0,"7":0,"8":0,"9":0,"10":0,"11":0,"12":0,"13":0,"14":0,"15":4,"16":4,"17":4,"18":4,"19":4,"20":4,"21":0,"22":4,"23":4,"24":1,"25":0,"26":0,"27":1},"f":{"0":0,"1":0,"2":0,"3":0,"4":0,"5":0,"6":0,"7":4,"8":4,"9":0},"b":{"0":[0,0],"1":[0,4],"2":[4,4],"3":[4,0]},"_coverageSchema":"43e27e138ebf9cfc5966b082cf9a028302ed4184","hash":"067097ca53f74b6262af7d3126b508d8aa890371"}
,"/Users/camila.cns/Workspace/courses/react-developer/react-native/Flashcards/utils/api.js": {"path":"/Users/camila.cns/Workspace/courses/react-developer/react-native/Flashcards/utils/api.js","statementMap":{"0":{"start":{"line":2,"column":38},"end":{"line":2,"column":56}},"1":{"start":{"line":8,"column":1},"end":{"line":8,"column":76}},"2":{"start":{"line":12,"column":1},"end":{"line":12,"column":52}},"3":{"start":{"line":16,"column":1},"end":{"line":20,"column":4}},"4":{"start":{"line":18,"column":16},"end":{"line":18,"column":35}},"5":{"start":{"line":19,"column":3},"end":{"line":19,"column":23}},"6":{"start":{"line":24,"column":1},"end":{"line":29,"column":4}},"7":{"start":{"line":33,"column":1},"end":{"line":41,"column":4}},"8":{"start":{"line":35,"column":3},"end":{"line":40,"column":6}}},"fnMap":{"0":{"name":"setInitialData","decl":{"start":{"line":6,"column":16},"end":{"line":6,"column":30}},"loc":{"start":{"line":6,"column":41},"end":{"line":9,"column":1}},"line":6},"1":{"name":"getDecks","decl":{"start":{"line":11,"column":16},"end":{"line":11,"column":24}},"loc":{"start":{"line":11,"column":28},"end":{"line":13,"column":1}},"line":11},"2":{"name":"getDeck","decl":{"start":{"line":15,"column":16},"end":{"line":15,"column":23}},"loc":{"start":{"line":15,"column":34},"end":{"line":21,"column":1}},"line":15},"3":{"name":"(anonymous_3)","decl":{"start":{"line":17,"column":8},"end":{"line":17,"column":9}},"loc":{"start":{"line":17,"column":21},"end":{"line":20,"column":3}},"line":17},"4":{"name":"saveDeckTitle","decl":{"start":{"line":23,"column":16},"end":{"line":23,"column":29}},"loc":{"start":{"line":23,"column":42},"end":{"line":30,"column":1}},"line":23},"5":{"name":"addCardToDeck","decl":{"start":{"line":32,"column":16},"end":{"line":32,"column":29}},"loc":{"start":{"line":32,"column":46},"end":{"line":42,"column":1}},"line":32},"6":{"name":"(anonymous_6)","decl":{"start":{"line":34,"column":8},"end":{"line":34,"column":9}},"loc":{"start":{"line":34,"column":19},"end":{"line":41,"column":3}},"line":34}},"branchMap":{"0":{"loc":{"start":{"line":6,"column":32},"end":{"line":6,"column":39}},"type":"default-arg","locations":[{"start":{"line":6,"column":37},"end":{"line":6,"column":39}}],"line":6}},"s":{"0":2,"1":2,"2":2,"3":2,"4":1,"5":1,"6":2,"7":2,"8":1},"f":{"0":2,"1":2,"2":2,"3":1,"4":2,"5":2,"6":1},"b":{"0":[2]},"_coverageSchema":"43e27e138ebf9cfc5966b082cf9a028302ed4184","hash":"b3a5db8204434e4a0cd9f71b11e524cc35314574"}
,"/Users/camila.cns/Workspace/courses/react-developer/react-native/Flashcards/utils/colors.js": {"path":"/Users/camila.cns/Workspace/courses/react-developer/react-native/Flashcards/utils/colors.js","statementMap":{"0":{"start":{"line":2,"column":25},"end":{"line":2,"column":34}},"1":{"start":{"line":3,"column":32},"end":{"line":3,"column":41}},"2":{"start":{"line":4,"column":22},"end":{"line":4,"column":31}},"3":{"start":{"line":5,"column":27},"end":{"line":5,"column":36}},"4":{"start":{"line":6,"column":26},"end":{"line":6,"column":35}},"5":{"start":{"line":7,"column":22},"end":{"line":7,"column":31}},"6":{"start":{"line":8,"column":27},"end":{"line":8,"column":36}},"7":{"start":{"line":9,"column":26},"end":{"line":9,"column":35}}},"fnMap":{},"branchMap":{},"s":{"0":6,"1":6,"2":6,"3":6,"4":6,"5":6,"6":6,"7":6},"f":{},"b":{},"_coverageSchema":"43e27e138ebf9cfc5966b082cf9a028302ed4184","hash":"e35f20f3f988a6501fd8aebe8ec0d27b74e0b310"}
,"/Users/camila.cns/Workspace/courses/react-developer/react-native/Flashcards/utils/helpers.js": {"path":"/Users/camila.cns/Workspace/courses/react-developer/react-native/Flashcards/utils/helpers.js","statementMap":{"0":{"start":{"line":6,"column":25},"end":{"line":6,"column":51}},"1":{"start":{"line":9,"column":2},"end":{"line":10,"column":61}},"2":{"start":{"line":14,"column":2},"end":{"line":26,"column":3}},"3":{"start":{"line":30,"column":2},"end":{"line":60,"column":6}},"4":{"start":{"line":34,"column":5},"end":{"line":59,"column":7}},"5":{"start":{"line":35,"column":8},"end":{"line":58,"column":12}},"6":{"start":{"line":38,"column":11},"end":{"line":38,"column":30}},"7":{"start":{"line":40,"column":11},"end":{"line":57,"column":13}},"8":{"start":{"line":41,"column":14},"end":{"line":41,"column":66}},"9":{"start":{"line":43,"column":29},"end":{"line":43,"column":39}},"10":{"start":{"line":44,"column":14},"end":{"line":44,"column":54}},"11":{"start":{"line":45,"column":14},"end":{"line":45,"column":35}},"12":{"start":{"line":46,"column":14},"end":{"line":46,"column":37}},"13":{"start":{"line":48,"column":14},"end":{"line":54,"column":15}},"14":{"start":{"line":56,"column":14},"end":{"line":56,"column":74}}},"fnMap":{"0":{"name":"clearLocalNotification","decl":{"start":{"line":8,"column":16},"end":{"line":8,"column":38}},"loc":{"start":{"line":8,"column":42},"end":{"line":11,"column":1}},"line":8},"1":{"name":"createNotification","decl":{"start":{"line":13,"column":9},"end":{"line":13,"column":27}},"loc":{"start":{"line":13,"column":31},"end":{"line":27,"column":1}},"line":13},"2":{"name":"setLocalNotification","decl":{"start":{"line":29,"column":16},"end":{"line":29,"column":36}},"loc":{"start":{"line":29,"column":40},"end":{"line":61,"column":1}},"line":29},"3":{"name":"(anonymous_3)","decl":{"start":{"line":32,"column":10},"end":{"line":32,"column":11}},"loc":{"start":{"line":32,"column":20},"end":{"line":60,"column":5}},"line":32},"4":{"name":"(anonymous_4)","decl":{"start":{"line":36,"column":16},"end":{"line":36,"column":17}},"loc":{"start":{"line":36,"column":32},"end":{"line":58,"column":11}},"line":36}},"branchMap":{"0":{"loc":{"start":{"line":34,"column":5},"end":{"line":59,"column":7}},"type":"if","locations":[{"start":{"line":34,"column":5},"end":{"line":59,"column":7}},{"start":{"line":34,"column":5},"end":{"line":59,"column":7}}],"line":34},"1":{"loc":{"start":{"line":40,"column":11},"end":{"line":57,"column":13}},"type":"if","locations":[{"start":{"line":40,"column":11},"end":{"line":57,"column":13}},{"start":{"line":40,"column":11},"end":{"line":57,"column":13}}],"line":40}},"s":{"0":2,"1":6,"2":0,"3":0,"4":0,"5":0,"6":0,"7":0,"8":0,"9":0,"10":0,"11":0,"12":0,"13":0,"14":0},"f":{"0":6,"1":0,"2":0,"3":0,"4":0},"b":{"0":[0,0],"1":[0,0]},"_coverageSchema":"43e27e138ebf9cfc5966b082cf9a028302ed4184","hash":"4ca43cefc0d67157cc3a732d2ca6f0bbe2e65081"}
,"/Users/camila.cns/Workspace/courses/react-developer/react-native/Flashcards/utils/validation.js": {"path":"/Users/camila.cns/Workspace/courses/react-developer/react-native/Flashcards/utils/validation.js","statementMap":{"0":{"start":{"line":2,"column":14},"end":{"line":6,"column":2}},"1":{"start":{"line":8,"column":1},"end":{"line":8,"column":18}},"2":{"start":{"line":12,"column":1},"end":{"line":14,"column":4}},"3":{"start":{"line":13,"column":2},"end":{"line":13,"column":18}}},"fnMap":{"0":{"name":"validationRules","decl":{"start":{"line":1,"column":16},"end":{"line":1,"column":31}},"loc":{"start":{"line":1,"column":46},"end":{"line":9,"column":1}},"line":1},"1":{"name":"isValid","decl":{"start":{"line":11,"column":16},"end":{"line":11,"column":23}},"loc":{"start":{"line":11,"column":31},"end":{"line":15,"column":1}},"line":11},"2":{"name":"(anonymous_2)","decl":{"start":{"line":12,"column":32},"end":{"line":12,"column":33}},"loc":{"start":{"line":12,"column":47},"end":{"line":14,"column":2}},"line":12}},"branchMap":{"0":{"loc":{"start":{"line":3,"column":9},"end":{"line":3,"column":43}},"type":"binary-expr","locations":[{"start":{"line":3,"column":9},"end":{"line":3,"column":23}},{"start":{"line":3,"column":27},"end":{"line":3,"column":43}}],"line":3},"1":{"loc":{"start":{"line":4,"column":12},"end":{"line":4,"column":46}},"type":"binary-expr","locations":[{"start":{"line":4,"column":12},"end":{"line":4,"column":26}},{"start":{"line":4,"column":30},"end":{"line":4,"column":46}}],"line":4},"2":{"loc":{"start":{"line":5,"column":10},"end":{"line":5,"column":44}},"type":"binary-expr","locations":[{"start":{"line":5,"column":10},"end":{"line":5,"column":24}},{"start":{"line":5,"column":28},"end":{"line":5,"column":44}}],"line":5}},"s":{"0":2,"1":2,"2":0,"3":0},"f":{"0":2,"1":0,"2":0},"b":{"0":[2,2],"1":[2,2],"2":[2,2]},"_coverageSchema":"43e27e138ebf9cfc5966b082cf9a028302ed4184","hash":"d3b39c71d8c4ee4c2b90689aef09d2b77d1d0603"}
}
