TN:
SF:/Users/camila.cns/Workspace/courses/react-developer/react-native/Flashcards/setup.jest.js
FNF:0
FNH:0
DA:5,8
DA:7,8
DA:8,8
DA:9,8
LF:4
LH:4
BRF:0
BRH:0
end_of_record
TN:
SF:/Users/camila.cns/Workspace/courses/react-developer/react-native/Flashcards/__helpers__/MockAsyncStorage.js
FN:5,(anonymous_0)
FN:6,(anonymous_1)
FN:12,(anonymous_2)
FN:13,(anonymous_3)
FNF:4
FNH:4
FNDA:5,(anonymous_0)
FNDA:5,(anonymous_1)
FNDA:4,(anonymous_2)
FNDA:4,(anonymous_3)
DA:6,5
DA:7,5
DA:13,4
DA:14,4
LF:4
LH:4
BRF:0
BRH:0
end_of_record
TN:
SF:/Users/camila.cns/Workspace/courses/react-developer/react-native/Flashcards/__helpers__/card.js
FNF:0
FNH:0
DA:1,5
LF:1
LH:1
BRF:0
BRH:0
end_of_record
TN:
SF:/Users/camila.cns/Workspace/courses/react-developer/react-native/Flashcards/__helpers__/entries.js
FNF:0
FNH:0
DA:1,3
LF:1
LH:1
BRF:0
BRH:0
end_of_record
TN:
SF:/Users/camila.cns/Workspace/courses/react-developer/react-native/Flashcards/actions/index.js
FN:7,receiveEntries
FN:14,addEntry
FN:21,addCard
FN:29,handleReceiveEntries
FN:30,(anonymous_4)
FN:35,(anonymous_5)
FN:36,(anonymous_6)
FN:40,handleAddEntry
FN:41,(anonymous_8)
FN:46,(anonymous_9)
FN:50,handleAddCard
FN:51,(anonymous_11)
FN:56,(anonymous_12)
FNF:13
FNH:10
FNDA:2,receiveEntries
FNDA:2,addEntry
FNDA:2,addCard
FNDA:1,handleReceiveEntries
FNDA:1,(anonymous_4)
FNDA:1,(anonymous_5)
FNDA:0,(anonymous_6)
FNDA:1,handleAddEntry
FNDA:1,(anonymous_8)
FNDA:0,(anonymous_9)
FNDA:1,handleAddCard
FNDA:1,(anonymous_11)
FNDA:0,(anonymous_12)
DA:3,1
DA:4,1
DA:5,1
DA:8,2
DA:15,2
DA:22,2
DA:30,1
DA:33,1
DA:35,1
DA:36,0
DA:41,1
DA:44,1
DA:46,0
DA:51,1
DA:54,1
DA:56,0
LF:16
LH:13
BRF:0
BRH:0
end_of_record
TN:
SF:/Users/camila.cns/Workspace/courses/react-developer/react-native/Flashcards/components/Answer.js
FN:7,(anonymous_0)
FNF:1
FNH:1
FNDA:5,(anonymous_0)
DA:7,2
DA:8,5
DA:29,2
DA:38,2
LF:4
LH:4
BRF:0
BRH:0
end_of_record
TN:
SF:/Users/camila.cns/Workspace/courses/react-developer/react-native/Flashcards/components/AppStatusBar.js
FN:6,(anonymous_0)
FNF:1
FNH:1
FNDA:3,(anonymous_0)
DA:6,1
DA:7,3
DA:14,1
LF:3
LH:3
BRF:0
BRH:0
end_of_record
TN:
SF:/Users/camila.cns/Workspace/courses/react-developer/react-native/Flashcards/components/AppTextInput.js
FN:22,(anonymous_0)
FN:27,(anonymous_1)
FN:38,(anonymous_2)
FNF:3
FNH:3
FNDA:2,(anonymous_0)
FNDA:1,(anonymous_1)
FNDA:9,(anonymous_2)
DA:23,2
DA:24,2
DA:26,2
DA:27,1
DA:34,1
DA:39,9
DA:40,9
DA:41,9
DA:43,9
DA:62,1
LF:10
LH:10
BRDA:26,0,0,1
BRDA:26,0,1,1
BRDA:52,1,0,9
BRDA:52,1,1,8
BRDA:52,1,2,0
BRDA:52,1,3,0
BRDA:53,2,0,9
BRDA:53,2,1,1
BRDA:53,2,2,1
BRF:9
BRH:7
end_of_record
TN:
SF:/Users/camila.cns/Workspace/courses/react-developer/react-native/Flashcards/components/Question.js
FN:6,(anonymous_0)
FNF:1
FNH:1
FNDA:6,(anonymous_0)
DA:6,2
DA:7,6
DA:20,2
DA:28,2
LF:4
LH:4
BRF:0
BRH:0
end_of_record
TN:
SF:/Users/camila.cns/Workspace/courses/react-developer/react-native/Flashcards/components/QuizScores.js
FN:13,(anonymous_0)
FN:18,(anonymous_1)
FNF:2
FNH:2
FNDA:6,(anonymous_0)
FNDA:6,(anonymous_1)
DA:14,6
DA:19,6
DA:20,6
DA:22,6
DA:40,2
LF:5
LH:5
BRF:0
BRH:0
end_of_record
TN:
SF:/Users/camila.cns/Workspace/courses/react-developer/react-native/Flashcards/containers/Quiz.js
FN:13,(anonymous_0)
FN:30,(anonymous_1)
FN:34,(anonymous_2)
FN:47,(anonymous_3)
FN:50,(anonymous_4)
FN:58,(anonymous_5)
FN:61,(anonymous_6)
FN:67,(anonymous_7)
FN:73,(anonymous_8)
FN:108,(anonymous_9)
FNF:10
FNH:2
FNDA:0,(anonymous_0)
FNDA:0,(anonymous_1)
FNDA:0,(anonymous_2)
FNDA:0,(anonymous_3)
FNDA:0,(anonymous_4)
FNDA:0,(anonymous_5)
FNDA:0,(anonymous_6)
FNDA:4,(anonymous_7)
FNDA:4,(anonymous_8)
FNDA:0,(anonymous_9)
DA:14,0
DA:31,0
DA:32,0
DA:34,0
DA:40,0
DA:41,0
DA:43,0
DA:48,0
DA:50,0
DA:55,0
DA:59,0
DA:61,0
DA:68,4
DA:69,4
DA:70,4
DA:74,4
DA:75,4
DA:77,4
DA:78,0
DA:85,4
DA:87,4
DA:108,1
DA:109,0
DA:111,0
DA:120,1
LF:25
LH:10
BRDA:40,0,0,0
BRDA:40,0,1,0
BRDA:77,1,0,0
BRDA:77,1,1,4
BRDA:90,2,0,4
BRDA:90,2,1,4
BRDA:96,3,0,4
BRDA:96,3,1,0
BRF:8
BRH:4
end_of_record
TN:
SF:/Users/camila.cns/Workspace/courses/react-developer/react-native/Flashcards/utils/api.js
FN:6,setInitialData
FN:11,getDecks
FN:15,getDeck
FN:17,(anonymous_3)
FN:23,saveDeckTitle
FN:32,addCardToDeck
FN:34,(anonymous_6)
FNF:7
FNH:7
FNDA:2,setInitialData
FNDA:2,getDecks
FNDA:2,getDeck
FNDA:1,(anonymous_3)
FNDA:2,saveDeckTitle
FNDA:2,addCardToDeck
FNDA:1,(anonymous_6)
DA:2,2
DA:8,2
DA:12,2
DA:16,2
DA:18,1
DA:19,1
DA:24,2
DA:33,2
DA:35,1
LF:9
LH:9
BRDA:6,0,0,2
BRF:1
BRH:1
end_of_record
TN:
SF:/Users/camila.cns/Workspace/courses/react-developer/react-native/Flashcards/utils/colors.js
FNF:0
FNH:0
DA:2,6
DA:3,6
DA:4,6
DA:5,6
DA:6,6
DA:7,6
DA:8,6
DA:9,6
LF:8
LH:8
BRF:0
BRH:0
end_of_record
TN:
SF:/Users/camila.cns/Workspace/courses/react-developer/react-native/Flashcards/utils/helpers.js
FN:8,clearLocalNotification
FN:13,createNotification
FN:29,setLocalNotification
FN:32,(anonymous_3)
FN:36,(anonymous_4)
FNF:5
FNH:1
FNDA:6,clearLocalNotification
FNDA:0,createNotification
FNDA:0,setLocalNotification
FNDA:0,(anonymous_3)
FNDA:0,(anonymous_4)
DA:6,2
DA:9,6
DA:14,0
DA:30,0
DA:34,0
DA:35,0
DA:38,0
DA:40,0
DA:41,0
DA:43,0
DA:44,0
DA:45,0
DA:46,0
DA:48,0
DA:56,0
LF:15
LH:2
BRDA:34,0,0,0
BRDA:34,0,1,0
BRDA:40,1,0,0
BRDA:40,1,1,0
BRF:4
BRH:0
end_of_record
TN:
SF:/Users/camila.cns/Workspace/courses/react-developer/react-native/Flashcards/utils/validation.js
FN:1,validationRules
FN:11,isValid
FN:12,(anonymous_2)
FNF:3
FNH:1
FNDA:2,validationRules
FNDA:0,isValid
FNDA:0,(anonymous_2)
DA:2,2
DA:8,2
DA:12,0
DA:13,0
LF:4
LH:2
BRDA:3,0,0,2
BRDA:3,0,1,2
BRDA:4,1,0,2
BRDA:4,1,1,2
BRDA:5,2,0,2
BRDA:5,2,1,2
BRF:6
BRH:6
end_of_record
